TN:
SF:src\controllers\bike.js
FNF:0
FNH:0
DA:1,1
DA:2,1
DA:3,1
DA:4,1
DA:5,1
DA:6,1
DA:7,1
DA:8,1
DA:9,1
DA:10,1
DA:11,3
DA:12,3
DA:13,3
DA:14,3
DA:15,2
DA:16,3
DA:17,1
DA:18,1
DA:19,1
DA:20,1
DA:21,1
DA:22,1
DA:23,1
DA:24,1
DA:25,1
DA:26,1
DA:27,1
DA:28,1
DA:29,1
DA:30,0
DA:31,1
DA:32,1
DA:33,1
DA:34,1
DA:35,1
DA:36,1
DA:37,1
DA:38,1
DA:39,1
DA:40,1
LF:40
LH:39
BRDA:10,0,0,3
BRDA:14,1,0,2
BRDA:16,2,0,1
BRDA:25,3,0,1
BRDA:29,4,0,0
BRF:5
BRH:4
end_of_record
TN:
SF:src\utils\logger.js
FN:3,filePrefix
FN:24,createLoggerWithPrefix
FN:42,logRequestResponse
FNF:3
FNH:3
FNDA:1,filePrefix
FNDA:1,createLoggerWithPrefix
FNDA:4,logRequestResponse
DA:1,1
DA:2,1
DA:3,1
DA:4,1
DA:5,2
DA:6,2
DA:7,1
DA:8,1
DA:9,1
DA:10,1
DA:11,1
DA:12,1
DA:13,1
DA:14,1
DA:15,8
DA:16,1
DA:17,1
DA:18,1
DA:19,1
DA:20,1
DA:21,1
DA:22,1
DA:23,1
DA:24,1
DA:25,1
DA:26,1
DA:27,1
DA:28,1
DA:29,1
DA:30,1
DA:31,1
DA:32,2
DA:33,1
DA:34,1
DA:35,1
DA:36,1
DA:37,1
DA:38,1
DA:39,1
DA:40,1
DA:41,1
DA:42,4
DA:43,4
DA:44,4
DA:45,4
DA:46,4
DA:47,4
DA:48,4
DA:49,4
DA:50,4
DA:51,4
DA:52,4
DA:53,1
DA:54,1
LF:54
LH:54
BRDA:3,0,0,1
BRDA:4,1,0,2
BRDA:14,2,0,8
BRDA:24,3,0,1
BRDA:31,4,0,2
BRDA:42,5,0,4
BRDA:47,6,0,4
BRF:7
BRH:7
end_of_record
